2019-07-16 11:10:33 [scrapy.utils.log] INFO: Scrapy 1.6.0 started (bot: pname_pcard_query)
2019-07-16 11:10:33 [scrapy.utils.log] INFO: Versions: lxml 4.3.4.0, libxml2 2.9.5, cssselect 1.0.3, parsel 1.5.1, w3lib 1.20.0, Twisted 19.2.1, Python 3.7.1 (v3.7.1:260ec2c36a, Oct 20 2018, 14:57:15) [MSC v.1915 64 bit (AMD64)], pyOpenSSL 19.0.0 (OpenSSL 1.1.1b  26 Feb 2019), cryptography 2.6.1, Platform Windows-10-10.0.17134-SP0
2019-07-16 11:10:33 [scrapy.crawler] INFO: Overridden settings: {'BOT_NAME': 'pname_pcard_query', 'CONCURRENT_REQUESTS': 32, 'CONCURRENT_REQUESTS_PER_DOMAIN': 16, 'CONCURRENT_REQUESTS_PER_IP': 16, 'COOKIES_ENABLED': False, 'DOWNLOAD_TIMEOUT': 15, 'LOG_FILE': 'log/pname_pcardnum_2019_7_16.log', 'NEWSPIDER_MODULE': 'pname_pcard_query.spiders', 'SPIDER_MODULES': ['pname_pcard_query.spiders']}
2019-07-16 11:10:33 [scrapy.extensions.telnet] INFO: Telnet Password: 18fdc02b3dd8ee21
2019-07-16 11:10:33 [scrapy.middleware] INFO: Enabled extensions:
['scrapy.extensions.corestats.CoreStats',
 'scrapy.extensions.telnet.TelnetConsole',
 'scrapy.extensions.logstats.LogStats']
2019-07-16 11:10:33 [scrapy.middleware] INFO: Enabled downloader middlewares:
['scrapy.downloadermiddlewares.httpauth.HttpAuthMiddleware',
 'scrapy.downloadermiddlewares.downloadtimeout.DownloadTimeoutMiddleware',
 'scrapy.downloadermiddlewares.defaultheaders.DefaultHeadersMiddleware',
 'scrapy.downloadermiddlewares.useragent.UserAgentMiddleware',
 'scrapy.downloadermiddlewares.retry.RetryMiddleware',
 'scrapy.downloadermiddlewares.redirect.MetaRefreshMiddleware',
 'scrapy.downloadermiddlewares.httpcompression.HttpCompressionMiddleware',
 'scrapy.downloadermiddlewares.redirect.RedirectMiddleware',
 'scrapy.downloadermiddlewares.httpproxy.HttpProxyMiddleware',
 'scrapy.downloadermiddlewares.stats.DownloaderStats']
2019-07-16 11:10:33 [scrapy.middleware] INFO: Enabled spider middlewares:
['scrapy.spidermiddlewares.httperror.HttpErrorMiddleware',
 'scrapy.spidermiddlewares.offsite.OffsiteMiddleware',
 'scrapy.spidermiddlewares.referer.RefererMiddleware',
 'scrapy.spidermiddlewares.urllength.UrlLengthMiddleware',
 'scrapy.spidermiddlewares.depth.DepthMiddleware']
2019-07-16 11:10:33 [scrapy.middleware] INFO: Enabled item pipelines:
['pname_pcard_query.pipelines.PnamePcardQueryPipeline',
 'pname_pcard_query.pipelines.MySqlPipeline']
2019-07-16 11:10:33 [scrapy.core.engine] INFO: Spider opened
2019-07-16 11:10:34 [scrapy.extensions.logstats] INFO: Crawled 0 pages (at 0 pages/min), scraped 0 items (at 0 items/min)
2019-07-16 11:10:34 [scrapy.extensions.telnet] INFO: Telnet console listening on 127.0.0.1:6023
2019-07-16 11:10:34 [scrapy.core.engine] DEBUG: Crawled (200) <GET http://zxgk.court.gov.cn/xgl/> (referer: None)
2019-07-16 11:10:35 [scrapy.core.engine] DEBUG: Crawled (200) <GET http://zxgk.court.gov.cn/xgl/captchaXgl.do?captchaId=2b634c2ff49642c7bb37cb6528908328&random=0.4655861044024252> (referer: http://zxgk.court.gov.cn/xgl/)
2019-07-16 11:10:35 [urllib3.connectionpool] DEBUG: Starting new HTTP connection (1): v1-http-api.jsdama.com:80
2019-07-16 11:10:35 [urllib3.connectionpool] DEBUG: http://v1-http-api.jsdama.com:80 "POST /api.php?mod=php&act=upload HTTP/1.1" 200 None
2019-07-16 11:10:35 [scrapy.core.engine] DEBUG: Crawled (200) <GET http://zxgk.court.gov.cn/xgl/checkyzm?captchaId=2b634c2ff49642c7bb37cb6528908328&pCode=FG9S> (referer: http://zxgk.court.gov.cn/xgl/captchaXgl.do?captchaId=2b634c2ff49642c7bb37cb6528908328&random=0.4655861044024252)
2019-07-16 11:10:35 [scrapy.core.engine] DEBUG: Crawled (200) <POST http://zxgk.court.gov.cn/xgl/searchXgl.do> (referer: http://zxgk.court.gov.cn/xgl/checkyzm?captchaId=2b634c2ff49642c7bb37cb6528908328&pCode=FG9S)
2019-07-16 11:10:36 [scrapy.core.engine] DEBUG: Crawled (200) <POST http://zxgk.court.gov.cn/xgl/searchXgl.do> (referer: http://zxgk.court.gov.cn/xgl/searchXgl.do)
2019-07-16 11:10:36 [scrapy.core.scraper] DEBUG: Scraped from <200 http://zxgk.court.gov.cn/xgl/searchXgl.do>
{'cardnum': '',
 'case_num': '(2016)云0421执158号',
 'enterprise_info': '',
 'filing_time': '2016年05月17日',
 'pname': '业春',
 'sex': '男性'}
2019-07-16 11:10:36 [scrapy.core.scraper] DEBUG: Scraped from <200 http://zxgk.court.gov.cn/xgl/searchXgl.do>
{'cardnum': '',
 'case_num': '（2018）浙0281执4422号',
 'enterprise_info': '',
 'filing_time': '2018年10月24日',
 'pname': '业春美',
 'sex': '女性'}
2019-07-16 11:10:36 [scrapy.core.engine] INFO: Closing spider (finished)
2019-07-16 11:10:36 [scrapy.statscollectors] INFO: Dumping Scrapy stats:
{'downloader/request_bytes': 2943,
 'downloader/request_count': 5,
 'downloader/request_method_count/GET': 3,
 'downloader/request_method_count/POST': 2,
 'downloader/response_bytes': 18640,
 'downloader/response_count': 5,
 'downloader/response_status_count/200': 5,
 'finish_reason': 'finished',
 'finish_time': datetime.datetime(2019, 7, 16, 3, 10, 36, 172812),
 'item_scraped_count': 2,
 'log_count/DEBUG': 9,
 'log_count/INFO': 9,
 'request_depth_max': 4,
 'response_received_count': 5,
 'scheduler/dequeued': 5,
 'scheduler/dequeued/memory': 5,
 'scheduler/enqueued': 5,
 'scheduler/enqueued/memory': 5,
 'start_time': datetime.datetime(2019, 7, 16, 3, 10, 34, 741643)}
2019-07-16 11:10:36 [scrapy.core.engine] INFO: Spider closed (finished)
2019-07-16 11:10:40 [scrapy.utils.log] INFO: Scrapy 1.6.0 started (bot: pname_pcard_query)
2019-07-16 11:10:40 [scrapy.utils.log] INFO: Versions: lxml 4.3.4.0, libxml2 2.9.5, cssselect 1.0.3, parsel 1.5.1, w3lib 1.20.0, Twisted 19.2.1, Python 3.7.1 (v3.7.1:260ec2c36a, Oct 20 2018, 14:57:15) [MSC v.1915 64 bit (AMD64)], pyOpenSSL 19.0.0 (OpenSSL 1.1.1b  26 Feb 2019), cryptography 2.6.1, Platform Windows-10-10.0.17134-SP0
2019-07-16 11:10:40 [scrapy.crawler] INFO: Overridden settings: {'BOT_NAME': 'pname_pcard_query', 'CONCURRENT_REQUESTS': 32, 'CONCURRENT_REQUESTS_PER_DOMAIN': 16, 'CONCURRENT_REQUESTS_PER_IP': 16, 'COOKIES_ENABLED': False, 'DOWNLOAD_TIMEOUT': 15, 'LOG_FILE': 'log/pname_pcardnum_2019_7_16.log', 'NEWSPIDER_MODULE': 'pname_pcard_query.spiders', 'SPIDER_MODULES': ['pname_pcard_query.spiders']}
2019-07-16 11:10:40 [scrapy.extensions.telnet] INFO: Telnet Password: cdfa311f8657ac85
2019-07-16 11:10:40 [scrapy.middleware] INFO: Enabled extensions:
['scrapy.extensions.corestats.CoreStats',
 'scrapy.extensions.telnet.TelnetConsole',
 'scrapy.extensions.logstats.LogStats']
2019-07-16 11:10:40 [scrapy.middleware] INFO: Enabled downloader middlewares:
['scrapy.downloadermiddlewares.httpauth.HttpAuthMiddleware',
 'scrapy.downloadermiddlewares.downloadtimeout.DownloadTimeoutMiddleware',
 'scrapy.downloadermiddlewares.defaultheaders.DefaultHeadersMiddleware',
 'scrapy.downloadermiddlewares.useragent.UserAgentMiddleware',
 'scrapy.downloadermiddlewares.retry.RetryMiddleware',
 'scrapy.downloadermiddlewares.redirect.MetaRefreshMiddleware',
 'scrapy.downloadermiddlewares.httpcompression.HttpCompressionMiddleware',
 'scrapy.downloadermiddlewares.redirect.RedirectMiddleware',
 'scrapy.downloadermiddlewares.httpproxy.HttpProxyMiddleware',
 'scrapy.downloadermiddlewares.stats.DownloaderStats']
2019-07-16 11:10:40 [scrapy.middleware] INFO: Enabled spider middlewares:
['scrapy.spidermiddlewares.httperror.HttpErrorMiddleware',
 'scrapy.spidermiddlewares.offsite.OffsiteMiddleware',
 'scrapy.spidermiddlewares.referer.RefererMiddleware',
 'scrapy.spidermiddlewares.urllength.UrlLengthMiddleware',
 'scrapy.spidermiddlewares.depth.DepthMiddleware']
2019-07-16 11:10:40 [scrapy.middleware] INFO: Enabled item pipelines:
['pname_pcard_query.pipelines.PnamePcardQueryPipeline',
 'pname_pcard_query.pipelines.MySqlPipeline']
2019-07-16 11:10:40 [scrapy.core.engine] INFO: Spider opened
2019-07-16 11:10:41 [scrapy.extensions.logstats] INFO: Crawled 0 pages (at 0 pages/min), scraped 0 items (at 0 items/min)
2019-07-16 11:10:41 [scrapy.extensions.telnet] INFO: Telnet console listening on 127.0.0.1:6023
2019-07-16 11:10:42 [scrapy.core.engine] DEBUG: Crawled (200) <GET http://zxgk.court.gov.cn/xgl/> (referer: None)
2019-07-16 11:10:42 [scrapy.core.engine] DEBUG: Crawled (200) <GET http://zxgk.court.gov.cn/xgl/captchaXgl.do?captchaId=eedffea8a584484ea8307db544d32815&random=0.7624821437561392> (referer: http://zxgk.court.gov.cn/xgl/)
2019-07-16 11:10:42 [urllib3.connectionpool] DEBUG: Starting new HTTP connection (1): v1-http-api.jsdama.com:80
2019-07-16 11:10:42 [urllib3.connectionpool] DEBUG: http://v1-http-api.jsdama.com:80 "POST /api.php?mod=php&act=upload HTTP/1.1" 200 None
2019-07-16 11:10:42 [scrapy.core.engine] DEBUG: Crawled (200) <GET http://zxgk.court.gov.cn/xgl/checkyzm?captchaId=eedffea8a584484ea8307db544d32815&pCode=AB7L> (referer: http://zxgk.court.gov.cn/xgl/captchaXgl.do?captchaId=eedffea8a584484ea8307db544d32815&random=0.7624821437561392)
2019-07-16 11:10:43 [scrapy.core.engine] DEBUG: Crawled (200) <POST http://zxgk.court.gov.cn/xgl/searchXgl.do> (referer: http://zxgk.court.gov.cn/xgl/checkyzm?captchaId=eedffea8a584484ea8307db544d32815&pCode=AB7L)
2019-07-16 11:10:43 [scrapy.core.engine] DEBUG: Crawled (200) <POST http://zxgk.court.gov.cn/xgl/searchXgl.do> (referer: http://zxgk.court.gov.cn/xgl/searchXgl.do)
2019-07-16 11:10:43 [scrapy.core.scraper] DEBUG: Scraped from <200 http://zxgk.court.gov.cn/xgl/searchXgl.do>
{'cardnum': '',
 'case_num': '(2016)云0421执158号',
 'enterprise_info': '',
 'filing_time': '2016年05月17日',
 'pname': '业春',
 'sex': '男性'}
2019-07-16 11:10:43 [scrapy.core.scraper] DEBUG: Scraped from <200 http://zxgk.court.gov.cn/xgl/searchXgl.do>
{'cardnum': '',
 'case_num': '（2018）浙0281执4422号',
 'enterprise_info': '',
 'filing_time': '2018年10月24日',
 'pname': '业春美',
 'sex': '女性'}
2019-07-16 11:10:43 [scrapy.core.engine] INFO: Closing spider (finished)
2019-07-16 11:10:43 [scrapy.statscollectors] INFO: Dumping Scrapy stats:
{'downloader/request_bytes': 2943,
 'downloader/request_count': 5,
 'downloader/request_method_count/GET': 3,
 'downloader/request_method_count/POST': 2,
 'downloader/response_bytes': 20380,
 'downloader/response_count': 5,
 'downloader/response_status_count/200': 5,
 'finish_reason': 'finished',
 'finish_time': datetime.datetime(2019, 7, 16, 3, 10, 43, 348835),
 'item_scraped_count': 2,
 'log_count/DEBUG': 9,
 'log_count/INFO': 9,
 'request_depth_max': 4,
 'response_received_count': 5,
 'scheduler/dequeued': 5,
 'scheduler/dequeued/memory': 5,
 'scheduler/enqueued': 5,
 'scheduler/enqueued/memory': 5,
 'start_time': datetime.datetime(2019, 7, 16, 3, 10, 41, 925933)}
2019-07-16 11:10:43 [scrapy.core.engine] INFO: Spider closed (finished)
2019-07-16 11:11:31 [scrapy.utils.log] INFO: Scrapy 1.6.0 started (bot: pname_pcard_query)
2019-07-16 11:11:31 [scrapy.utils.log] INFO: Versions: lxml 4.3.4.0, libxml2 2.9.5, cssselect 1.0.3, parsel 1.5.1, w3lib 1.20.0, Twisted 19.2.1, Python 3.7.1 (v3.7.1:260ec2c36a, Oct 20 2018, 14:57:15) [MSC v.1915 64 bit (AMD64)], pyOpenSSL 19.0.0 (OpenSSL 1.1.1b  26 Feb 2019), cryptography 2.6.1, Platform Windows-10-10.0.17134-SP0
2019-07-16 11:11:31 [scrapy.crawler] INFO: Overridden settings: {'BOT_NAME': 'pname_pcard_query', 'CONCURRENT_REQUESTS': 32, 'CONCURRENT_REQUESTS_PER_DOMAIN': 16, 'CONCURRENT_REQUESTS_PER_IP': 16, 'COOKIES_ENABLED': False, 'DOWNLOAD_TIMEOUT': 15, 'LOG_FILE': 'log/pname_pcardnum_2019_7_16.log', 'NEWSPIDER_MODULE': 'pname_pcard_query.spiders', 'SPIDER_MODULES': ['pname_pcard_query.spiders']}
2019-07-16 11:11:31 [scrapy.extensions.telnet] INFO: Telnet Password: ce8dd99e47e2c306
2019-07-16 11:11:31 [scrapy.middleware] INFO: Enabled extensions:
['scrapy.extensions.corestats.CoreStats',
 'scrapy.extensions.telnet.TelnetConsole',
 'scrapy.extensions.logstats.LogStats']
2019-07-16 11:11:31 [scrapy.middleware] INFO: Enabled downloader middlewares:
['scrapy.downloadermiddlewares.httpauth.HttpAuthMiddleware',
 'scrapy.downloadermiddlewares.downloadtimeout.DownloadTimeoutMiddleware',
 'scrapy.downloadermiddlewares.defaultheaders.DefaultHeadersMiddleware',
 'scrapy.downloadermiddlewares.useragent.UserAgentMiddleware',
 'scrapy.downloadermiddlewares.retry.RetryMiddleware',
 'scrapy.downloadermiddlewares.redirect.MetaRefreshMiddleware',
 'scrapy.downloadermiddlewares.httpcompression.HttpCompressionMiddleware',
 'scrapy.downloadermiddlewares.redirect.RedirectMiddleware',
 'scrapy.downloadermiddlewares.httpproxy.HttpProxyMiddleware',
 'scrapy.downloadermiddlewares.stats.DownloaderStats']
2019-07-16 11:11:31 [scrapy.middleware] INFO: Enabled spider middlewares:
['scrapy.spidermiddlewares.httperror.HttpErrorMiddleware',
 'scrapy.spidermiddlewares.offsite.OffsiteMiddleware',
 'scrapy.spidermiddlewares.referer.RefererMiddleware',
 'scrapy.spidermiddlewares.urllength.UrlLengthMiddleware',
 'scrapy.spidermiddlewares.depth.DepthMiddleware']
2019-07-16 11:11:31 [scrapy.middleware] INFO: Enabled item pipelines:
['pname_pcard_query.pipelines.PnamePcardQueryPipeline',
 'pname_pcard_query.pipelines.MySqlPipeline']
2019-07-16 11:11:31 [scrapy.core.engine] INFO: Spider opened
2019-07-16 11:11:33 [scrapy.extensions.logstats] INFO: Crawled 0 pages (at 0 pages/min), scraped 0 items (at 0 items/min)
2019-07-16 11:11:33 [scrapy.extensions.telnet] INFO: Telnet console listening on 127.0.0.1:6023
2019-07-16 11:11:33 [scrapy.core.engine] DEBUG: Crawled (200) <GET http://zxgk.court.gov.cn/xgl/> (referer: None)
2019-07-16 11:11:33 [scrapy.core.engine] DEBUG: Crawled (200) <GET http://zxgk.court.gov.cn/xgl/captchaXgl.do?captchaId=fca9a98e6cb84c6489ead7db130c0eda&random=0.5422199359318218> (referer: http://zxgk.court.gov.cn/xgl/)
2019-07-16 11:11:33 [urllib3.connectionpool] DEBUG: Starting new HTTP connection (1): v1-http-api.jsdama.com:80
2019-07-16 11:11:33 [urllib3.connectionpool] DEBUG: http://v1-http-api.jsdama.com:80 "POST /api.php?mod=php&act=upload HTTP/1.1" 200 None
2019-07-16 11:11:33 [scrapy.core.engine] DEBUG: Crawled (200) <GET http://zxgk.court.gov.cn/xgl/checkyzm?captchaId=fca9a98e6cb84c6489ead7db130c0eda&pCode=KJFB> (referer: http://zxgk.court.gov.cn/xgl/captchaXgl.do?captchaId=fca9a98e6cb84c6489ead7db130c0eda&random=0.5422199359318218)
2019-07-16 11:11:34 [scrapy.core.engine] DEBUG: Crawled (200) <POST http://zxgk.court.gov.cn/xgl/searchXgl.do> (referer: http://zxgk.court.gov.cn/xgl/checkyzm?captchaId=fca9a98e6cb84c6489ead7db130c0eda&pCode=KJFB)
2019-07-16 11:11:34 [scrapy.core.engine] DEBUG: Crawled (200) <POST http://zxgk.court.gov.cn/xgl/searchXgl.do> (referer: http://zxgk.court.gov.cn/xgl/searchXgl.do)
2019-07-16 11:11:34 [scrapy.core.scraper] DEBUG: Scraped from <200 http://zxgk.court.gov.cn/xgl/searchXgl.do>
{'cardnum': '',
 'case_num': '(2016)云0421执158号',
 'enterprise_info': '',
 'filing_time': '2016年05月17日',
 'pname': '业春',
 'sex': '男性'}
2019-07-16 11:11:34 [scrapy.core.scraper] DEBUG: Scraped from <200 http://zxgk.court.gov.cn/xgl/searchXgl.do>
{'cardnum': '',
 'case_num': '（2018）浙0281执4422号',
 'enterprise_info': '',
 'filing_time': '2018年10月24日',
 'pname': '业春美',
 'sex': '女性'}
2019-07-16 11:11:34 [scrapy.core.engine] INFO: Closing spider (finished)
2019-07-16 11:11:34 [scrapy.statscollectors] INFO: Dumping Scrapy stats:
{'downloader/request_bytes': 3083,
 'downloader/request_count': 5,
 'downloader/request_method_count/GET': 3,
 'downloader/request_method_count/POST': 2,
 'downloader/response_bytes': 18521,
 'downloader/response_count': 5,
 'downloader/response_status_count/200': 5,
 'finish_reason': 'finished',
 'finish_time': datetime.datetime(2019, 7, 16, 3, 11, 34, 409562),
 'item_scraped_count': 2,
 'log_count/DEBUG': 9,
 'log_count/INFO': 9,
 'request_depth_max': 4,
 'response_received_count': 5,
 'scheduler/dequeued': 5,
 'scheduler/dequeued/memory': 5,
 'scheduler/enqueued': 5,
 'scheduler/enqueued/memory': 5,
 'start_time': datetime.datetime(2019, 7, 16, 3, 11, 33, 15576)}
2019-07-16 11:11:34 [scrapy.core.engine] INFO: Spider closed (finished)
