2019-07-17 15:36:09 [scrapy.utils.log] INFO: Scrapy 1.6.0 started (bot: pname_pcard_query)
2019-07-17 15:36:09 [scrapy.utils.log] INFO: Versions: lxml 4.3.4.0, libxml2 2.9.5, cssselect 1.0.3, parsel 1.5.1, w3lib 1.20.0, Twisted 19.2.1, Python 3.7.1 (v3.7.1:260ec2c36a, Oct 20 2018, 14:57:15) [MSC v.1915 64 bit (AMD64)], pyOpenSSL 19.0.0 (OpenSSL 1.1.1b  26 Feb 2019), cryptography 2.6.1, Platform Windows-10-10.0.17134-SP0
2019-07-17 15:36:09 [scrapy.crawler] INFO: Overridden settings: {'BOT_NAME': 'pname_pcard_query', 'CONCURRENT_REQUESTS': 32, 'CONCURRENT_REQUESTS_PER_DOMAIN': 16, 'CONCURRENT_REQUESTS_PER_IP': 16, 'COOKIES_ENABLED': False, 'DOWNLOAD_TIMEOUT': 15, 'LOG_FILE': 'log/pname_pcardnum_2019_7_17.log', 'NEWSPIDER_MODULE': 'pname_pcard_query.spiders', 'SPIDER_MODULES': ['pname_pcard_query.spiders']}
2019-07-17 15:36:09 [scrapy.extensions.telnet] INFO: Telnet Password: da91312026258499
2019-07-17 15:36:09 [scrapy.middleware] INFO: Enabled extensions:
['scrapy.extensions.corestats.CoreStats',
 'scrapy.extensions.telnet.TelnetConsole',
 'scrapy.extensions.logstats.LogStats']
2019-07-17 15:36:09 [scrapy.middleware] INFO: Enabled downloader middlewares:
['scrapy.downloadermiddlewares.httpauth.HttpAuthMiddleware',
 'scrapy.downloadermiddlewares.downloadtimeout.DownloadTimeoutMiddleware',
 'scrapy.downloadermiddlewares.defaultheaders.DefaultHeadersMiddleware',
 'scrapy.downloadermiddlewares.useragent.UserAgentMiddleware',
 'scrapy.downloadermiddlewares.retry.RetryMiddleware',
 'scrapy.downloadermiddlewares.redirect.MetaRefreshMiddleware',
 'scrapy.downloadermiddlewares.httpcompression.HttpCompressionMiddleware',
 'scrapy.downloadermiddlewares.redirect.RedirectMiddleware',
 'scrapy.downloadermiddlewares.httpproxy.HttpProxyMiddleware',
 'scrapy.downloadermiddlewares.stats.DownloaderStats']
2019-07-17 15:36:09 [scrapy.middleware] INFO: Enabled spider middlewares:
['scrapy.spidermiddlewares.httperror.HttpErrorMiddleware',
 'scrapy.spidermiddlewares.offsite.OffsiteMiddleware',
 'scrapy.spidermiddlewares.referer.RefererMiddleware',
 'scrapy.spidermiddlewares.urllength.UrlLengthMiddleware',
 'scrapy.spidermiddlewares.depth.DepthMiddleware']
2019-07-17 15:36:09 [scrapy.middleware] INFO: Enabled item pipelines:
['pname_pcard_query.pipelines.PnamePcardQueryPipeline',
 'pname_pcard_query.pipelines.MySqlPipeline']
2019-07-17 15:36:09 [scrapy.core.engine] INFO: Spider opened
2019-07-17 15:36:11 [scrapy.extensions.logstats] INFO: Crawled 0 pages (at 0 pages/min), scraped 0 items (at 0 items/min)
2019-07-17 15:36:11 [scrapy.extensions.telnet] INFO: Telnet console listening on 127.0.0.1:6023
2019-07-17 15:36:11 [scrapy.core.engine] DEBUG: Crawled (200) <GET http://zxgk.court.gov.cn/xgl/> (referer: None)
2019-07-17 15:36:11 [scrapy.core.engine] DEBUG: Crawled (200) <GET http://zxgk.court.gov.cn/xgl/captchaXgl.do?captchaId=8b5142454ad7498eaafa252552175da5&random=0.48796152116520564> (referer: http://zxgk.court.gov.cn/xgl/)
2019-07-17 15:36:11 [scrapy.core.scraper] ERROR: Spider error processing <GET http://zxgk.court.gov.cn/xgl/captchaXgl.do?captchaId=8b5142454ad7498eaafa252552175da5&random=0.48796152116520564> (referer: http://zxgk.court.gov.cn/xgl/)
Traceback (most recent call last):
  File "e:\python37\lib\site-packages\scrapy\utils\defer.py", line 102, in iter_errback
    yield next(it)
  File "e:\python37\lib\site-packages\scrapy\spidermiddlewares\offsite.py", line 29, in process_spider_output
    for x in result:
  File "e:\python37\lib\site-packages\scrapy\spidermiddlewares\referer.py", line 339, in <genexpr>
    return (_set_referer(r) for r in result or ())
  File "e:\python37\lib\site-packages\scrapy\spidermiddlewares\urllength.py", line 37, in <genexpr>
    return (r for r in result or () if _filter(r))
  File "e:\python37\lib\site-packages\scrapy\spidermiddlewares\depth.py", line 58, in <genexpr>
    return (r for r in result or () if _filter(r))
  File "F:\Pycharm_projects\Clone2\pname_pcard_query\spiders\name_card_query.py", line 46, in get_captchaid
    with open(f'./verify_code/{captcha_name}.jpg','wb') as f:
FileNotFoundError: [Errno 2] No such file or directory: './verify_code/_1563348971.jpg'
2019-07-17 15:36:11 [scrapy.core.engine] INFO: Closing spider (finished)
2019-07-17 15:36:11 [scrapy.statscollectors] INFO: Dumping Scrapy stats:
{'downloader/request_bytes': 847,
 'downloader/request_count': 2,
 'downloader/request_method_count/GET': 2,
 'downloader/response_bytes': 17190,
 'downloader/response_count': 2,
 'downloader/response_status_count/200': 2,
 'finish_reason': 'finished',
 'finish_time': datetime.datetime(2019, 7, 17, 7, 36, 11, 461825),
 'log_count/DEBUG': 2,
 'log_count/ERROR': 1,
 'log_count/INFO': 9,
 'request_depth_max': 1,
 'response_received_count': 2,
 'scheduler/dequeued': 2,
 'scheduler/dequeued/memory': 2,
 'scheduler/enqueued': 2,
 'scheduler/enqueued/memory': 2,
 'spider_exceptions/FileNotFoundError': 1,
 'start_time': datetime.datetime(2019, 7, 17, 7, 36, 11, 11033)}
2019-07-17 15:36:11 [scrapy.core.engine] INFO: Spider closed (finished)
2019-07-17 15:44:35 [scrapy.utils.log] INFO: Scrapy 1.6.0 started (bot: pname_pcard_query)
2019-07-17 15:44:35 [scrapy.utils.log] INFO: Versions: lxml 4.3.4.0, libxml2 2.9.5, cssselect 1.0.3, parsel 1.5.1, w3lib 1.20.0, Twisted 19.2.1, Python 3.7.1 (v3.7.1:260ec2c36a, Oct 20 2018, 14:57:15) [MSC v.1915 64 bit (AMD64)], pyOpenSSL 19.0.0 (OpenSSL 1.1.1b  26 Feb 2019), cryptography 2.6.1, Platform Windows-10-10.0.17134-SP0
2019-07-17 15:44:35 [scrapy.crawler] INFO: Overridden settings: {'BOT_NAME': 'pname_pcard_query', 'CONCURRENT_REQUESTS': 32, 'CONCURRENT_REQUESTS_PER_DOMAIN': 16, 'CONCURRENT_REQUESTS_PER_IP': 16, 'COOKIES_ENABLED': False, 'DOWNLOAD_TIMEOUT': 15, 'LOG_FILE': 'log/pname_pcardnum_2019_7_17.log', 'NEWSPIDER_MODULE': 'pname_pcard_query.spiders', 'SPIDER_MODULES': ['pname_pcard_query.spiders']}
2019-07-17 15:44:35 [scrapy.extensions.telnet] INFO: Telnet Password: 960158e0f1e666a8
2019-07-17 15:44:35 [scrapy.middleware] INFO: Enabled extensions:
['scrapy.extensions.corestats.CoreStats',
 'scrapy.extensions.telnet.TelnetConsole',
 'scrapy.extensions.logstats.LogStats']
2019-07-17 15:44:36 [scrapy.middleware] INFO: Enabled downloader middlewares:
['scrapy.downloadermiddlewares.httpauth.HttpAuthMiddleware',
 'scrapy.downloadermiddlewares.downloadtimeout.DownloadTimeoutMiddleware',
 'scrapy.downloadermiddlewares.defaultheaders.DefaultHeadersMiddleware',
 'scrapy.downloadermiddlewares.useragent.UserAgentMiddleware',
 'scrapy.downloadermiddlewares.retry.RetryMiddleware',
 'scrapy.downloadermiddlewares.redirect.MetaRefreshMiddleware',
 'scrapy.downloadermiddlewares.httpcompression.HttpCompressionMiddleware',
 'scrapy.downloadermiddlewares.redirect.RedirectMiddleware',
 'scrapy.downloadermiddlewares.httpproxy.HttpProxyMiddleware',
 'scrapy.downloadermiddlewares.stats.DownloaderStats']
2019-07-17 15:44:36 [scrapy.middleware] INFO: Enabled spider middlewares:
['scrapy.spidermiddlewares.httperror.HttpErrorMiddleware',
 'scrapy.spidermiddlewares.offsite.OffsiteMiddleware',
 'scrapy.spidermiddlewares.referer.RefererMiddleware',
 'scrapy.spidermiddlewares.urllength.UrlLengthMiddleware',
 'scrapy.spidermiddlewares.depth.DepthMiddleware']
2019-07-17 15:44:36 [scrapy.middleware] INFO: Enabled item pipelines:
['pname_pcard_query.pipelines.PnamePcardQueryPipeline',
 'pname_pcard_query.pipelines.MySqlPipeline']
2019-07-17 15:44:36 [scrapy.core.engine] INFO: Spider opened
2019-07-17 15:44:37 [scrapy.extensions.logstats] INFO: Crawled 0 pages (at 0 pages/min), scraped 0 items (at 0 items/min)
2019-07-17 15:44:37 [scrapy.extensions.telnet] INFO: Telnet console listening on 127.0.0.1:6023
2019-07-17 15:44:37 [scrapy.core.engine] DEBUG: Crawled (200) <GET http://zxgk.court.gov.cn/xgl/> (referer: None)
2019-07-17 15:44:37 [scrapy.core.engine] DEBUG: Crawled (200) <GET http://zxgk.court.gov.cn/xgl/captchaXgl.do?captchaId=4a07fb9eb84c49afac364f1eb178151d&random=0.2770857129431479> (referer: http://zxgk.court.gov.cn/xgl/)
2019-07-17 15:44:37 [scrapy.core.scraper] ERROR: Spider error processing <GET http://zxgk.court.gov.cn/xgl/captchaXgl.do?captchaId=4a07fb9eb84c49afac364f1eb178151d&random=0.2770857129431479> (referer: http://zxgk.court.gov.cn/xgl/)
Traceback (most recent call last):
  File "e:\python37\lib\site-packages\scrapy\utils\defer.py", line 102, in iter_errback
    yield next(it)
  File "e:\python37\lib\site-packages\scrapy\spidermiddlewares\offsite.py", line 29, in process_spider_output
    for x in result:
  File "e:\python37\lib\site-packages\scrapy\spidermiddlewares\referer.py", line 339, in <genexpr>
    return (_set_referer(r) for r in result or ())
  File "e:\python37\lib\site-packages\scrapy\spidermiddlewares\urllength.py", line 37, in <genexpr>
    return (r for r in result or () if _filter(r))
  File "e:\python37\lib\site-packages\scrapy\spidermiddlewares\depth.py", line 58, in <genexpr>
    return (r for r in result or () if _filter(r))
  File "F:\Pycharm_projects\Clone2\pname_pcard_query\spiders\name_card_query.py", line 46, in get_captchaid
    with open(f'./verify_code/{captcha_name}.jpg','wb') as f:
FileNotFoundError: [Errno 2] No such file or directory: './verify_code/_1563349477.jpg'
2019-07-17 15:44:37 [scrapy.core.engine] INFO: Closing spider (finished)
2019-07-17 15:44:37 [scrapy.statscollectors] INFO: Dumping Scrapy stats:
{'downloader/request_bytes': 834,
 'downloader/request_count': 2,
 'downloader/request_method_count/GET': 2,
 'downloader/response_bytes': 20716,
 'downloader/response_count': 2,
 'downloader/response_status_count/200': 2,
 'finish_reason': 'finished',
 'finish_time': datetime.datetime(2019, 7, 17, 7, 44, 37, 704722),
 'log_count/DEBUG': 2,
 'log_count/ERROR': 1,
 'log_count/INFO': 9,
 'request_depth_max': 1,
 'response_received_count': 2,
 'scheduler/dequeued': 2,
 'scheduler/dequeued/memory': 2,
 'scheduler/enqueued': 2,
 'scheduler/enqueued/memory': 2,
 'spider_exceptions/FileNotFoundError': 1,
 'start_time': datetime.datetime(2019, 7, 17, 7, 44, 37, 240423)}
2019-07-17 15:44:37 [scrapy.core.engine] INFO: Spider closed (finished)
